#
# A fatal error has been detected by the Java Runtime Environment:
#
#  EXCEPTION_ACCESS_VIOLATION (0xc0000005) at pc=0x000000005d541580, pid=3148, tid=16424
#
# JRE version: Java(TM) SE Runtime Environment (8.0_25-b18) (build 1.8.0_25-b18)
# Java VM: Java HotSpot(TM) 64-Bit Server VM (25.25-b02 mixed mode windows-amd64 compressed oops)
# Problematic frame:
# V  [jvm.dll+0xa1580]
#
# Failed to write core dump. Minidumps are not enabled by default on client versions of Windows
#
# If you would like to submit a bug report, please visit:
#   http://bugreport.sun.com/bugreport/crash.jsp
#

---------------  T H R E A D  ---------------

Current thread (0x0000000002ef8800):  GCTaskThread [stack: 0x0000000013140000,0x0000000013240000] [id=16424]

siginfo: ExceptionCode=0xc0000005, reading address 0x0000000000000008

Registers:
RAX=0x0000000000000000, RBX=0x00000000d8088e30, RCX=0x00000000d8088e30, RDX=0x0000000000000000
RSP=0x000000001323f798, RBP=0x0000000000000000, RSI=0x0000000017f44c80, RDI=0x000000001c854950
R8 =0x0000000017f44c80, R9 =0x00000000110624a6, R10=0x0000000000000006, R11=0x000000001323f800
R12=0x000000005dac5448, R13=0x0000000000000000, R14=0x0000000002ef8a00, R15=0x0000000002ef8a80
RIP=0x000000005d541580, EFLAGS=0x0000000000010246

Top of Stack: (sp=0x000000001323f798)
0x000000001323f798:   000000005d87f4f2 00000abe00001750
0x000000001323f7a8:   0000000000000004 000006c200001a48
0x000000001323f7b8:   00000abe00001750 00000000da7a2020
0x000000001323f7c8:   00000abd00001750 000006c200001a49
0x000000001323f7d8:   000006c200001a46 0000000002ef8a70
0x000000001323f7e8:   0000000002ef0e90 000000005dac5448
0x000000001323f7f8:   000000005d87f880 00000000da66a904
0x000000001323f808:   0000000000000000 0000000000000007
0x000000001323f818:   000000001c854950 0000000017f44c80
0x000000001323f828:   000000005d882bc1 000006c200001a49
0x000000001323f838:   0000000017f44c80 0000000000000000
0x000000001323f848:   00000000da8d9d91 000000001c854950
0x000000001323f858:   0000000002efa000 0000000000000000
0x000000001323f868:   000000005d8714ae 00000000110624a6
0x000000001323f878:   0000000002ef8800 0000000002efa000
0x000000001323f888:   00000000da66a905 0000000002ef8800 

Instructions: (pc=0x000000005d541580)
0x000000005d541560:   48 8d 05 b1 39 51 00 48 89 44 24 30 e8 ff 3a 1d
0x000000005d541570:   00 48 81 c4 c0 00 00 00 5b c3 cc cc cc cc cc cc
0x000000005d541580:   44 8b 42 08 4c 8b ca 45 85 c0 7e 0e 41 f6 c0 01
0x000000005d541590:   75 57 41 c1 f8 03 41 8b c0 c3 79 4d 80 3d a6 2d 


Register to memory mapping:

RAX=0x0000000000000000 is an unknown value
RBX=0x00000000d8088e30 is an unknown value
RCX=0x00000000d8088e30 is an unknown value
RDX=0x0000000000000000 is an unknown value
RSP=0x000000001323f798 is an unknown value
RBP=0x0000000000000000 is an unknown value
RSI=0x0000000017f44c80 is an unknown value
RDI=0x000000001c854950 is an unknown value
R8 =0x0000000017f44c80 is an unknown value
R9 =0x00000000110624a6 is an unknown value
R10=0x0000000000000006 is an unknown value
R11=0x000000001323f800 is an unknown value
R12=0x000000005dac5448 is an unknown value
R13=0x0000000000000000 is an unknown value
R14=0x0000000002ef8a00 is an unknown value
R15=0x0000000002ef8a80 is an unknown value


Stack: [0x0000000013140000,0x0000000013240000],  sp=0x000000001323f798,  free space=1021k
Native frames: (J=compiled Java code, j=interpreted, Vv=VM code, C=native code)


---------------  P R O C E S S  ---------------

Java Threads: ( => current thread )
  0x000000001b14b000 JavaThread "RMI TCP Connection(2)-127.0.0.1" daemon [_thread_in_native, id=2104, stack(0x000000001c220000,0x000000001c320000)]
  0x000000001b14a800 JavaThread "RMI Scheduler(0)" daemon [_thread_blocked, id=15004, stack(0x000000001c120000,0x000000001c220000)]
  0x000000001b06a000 JavaThread "RMI TCP Connection(1)-127.0.0.1" daemon [_thread_blocked, id=8432, stack(0x000000001be20000,0x000000001bf20000)]
  0x000000001adf6800 JavaThread "background-preinit" [_thread_blocked, id=22176, stack(0x000000001b920000,0x000000001ba20000)]
  0x000000001abcf000 JavaThread "RMI TCP Accept-0" daemon [_thread_in_native, id=2088, stack(0x000000001b520000,0x000000001b620000)]
  0x000000001abb4800 JavaThread "RMI TCP Accept-59259" daemon [_thread_in_native, id=10620, stack(0x000000001b420000,0x000000001b520000)]
  0x000000001ab6a000 JavaThread "RMI TCP Accept-0" daemon [_thread_in_native, id=15664, stack(0x000000001b320000,0x000000001b420000)]
  0x000000001aa4c800 JavaThread "Service Thread" daemon [_thread_blocked, id=14552, stack(0x000000001b220000,0x000000001b320000)]
  0x000000001a2bb800 JavaThread "C1 CompilerThread3" daemon [_thread_blocked, id=19216, stack(0x000000001a920000,0x000000001aa20000)]
  0x000000001a2ba000 JavaThread "C2 CompilerThread2" daemon [_thread_blocked, id=17060, stack(0x000000001a820000,0x000000001a920000)]
  0x000000001a2b4000 JavaThread "C2 CompilerThread1" daemon [_thread_blocked, id=12068, stack(0x000000001a720000,0x000000001a820000)]
  0x000000001a2b3000 JavaThread "C2 CompilerThread0" daemon [_thread_blocked, id=21872, stack(0x000000001a620000,0x000000001a720000)]
  0x000000001a24d000 JavaThread "Monitor Ctrl-Break" daemon [_thread_in_native, id=22760, stack(0x000000001a520000,0x000000001a620000)]
  0x0000000019f4c800 JavaThread "Attach Listener" daemon [_thread_blocked, id=9192, stack(0x000000001a420000,0x000000001a520000)]
  0x0000000019fb0800 JavaThread "Signal Dispatcher" daemon [_thread_blocked, id=19428, stack(0x000000001a320000,0x000000001a420000)]
  0x0000000002fcd800 JavaThread "Finalizer" daemon [_thread_blocked, id=7816, stack(0x0000000019e20000,0x0000000019f20000)]
  0x0000000002fc7000 JavaThread "Reference Handler" daemon [_thread_blocked, id=7320, stack(0x0000000019d20000,0x0000000019e20000)]
  0x0000000002ed5800 JavaThread "main" [_thread_blocked, id=19256, stack(0x0000000002c80000,0x0000000002d80000)]

Other Threads:
  0x0000000017f48000 VMThread [stack: 0x0000000019c20000,0x0000000019d20000] [id=9640]
  0x000000001abbd800 WatcherThread [stack: 0x000000001b620000,0x000000001b720000] [id=13328]

=>0x0000000002ef8800 (exited) GCTaskThread [stack: 0x0000000013140000,0x0000000013240000] [id=16424]

VM state:at safepoint (normal execution)

VM Mutex/Monitor currently owned by a thread:  ([mutex/lock_event])
[0x000000000296c780] Threads_lock - owner thread: 0x0000000017f48000
[0x000000000296d180] Heap_lock - owner thread: 0x000000001adf6800

Heap:
 PSYoungGen      total 38400K, used 38392K [0x00000000d5f00000, 0x00000000daa00000, 0x0000000100000000)
  eden space 33280K, 100% used [0x00000000d5f00000,0x00000000d7f80000,0x00000000d7f80000)
  from space 5120K, 99% used [0x00000000d7f80000,0x00000000d847e030,0x00000000d8480000)
  to   space 5120K, 99% used [0x00000000da500000,0x00000000da9fa020,0x00000000daa00000)
 ParOldGen       total 87552K, used 3415K [0x0000000081c00000, 0x0000000087180000, 0x00000000d5f00000)
  object space 87552K, 3% used [0x0000000081c00000,0x0000000081f55ff0,0x0000000087180000)
 Metaspace       used 20674K, capacity 21278K, committed 21296K, reserved 1067008K
  class space    used 2796K, capacity 2941K, committed 2944K, reserved 1048576K

Card table byte_map: [0x0000000012390000,0x0000000012790000] byte_map_base: 0x0000000011f82000

Marking Bits: (ParMarkBitMap*) 0x000000005dc7d490
 Begin Bits: [0x0000000013240000, 0x00000000151d0000)
 End Bits:   [0x00000000151d0000, 0x0000000017160000)

Polling page: 0x0000000000e60000

CodeCache: size=245760Kb used=3363Kb max_used=3363Kb free=242396Kb
 bounds [0x0000000002fd0000, 0x0000000003320000, 0x0000000011fd0000]
 total_blobs=1948 nmethods=1554 adapters=307
 compilation: enabled

Compilation events (10 events):
Event: 1.207 Thread 0x000000001a2bb800 nmethod 1551 0x0000000003314e10 code [0x0000000003314f80, 0x0000000003315168]
Event: 1.207 Thread 0x000000001a2bb800 1550       1       org.springframework.beans.factory.support.AbstractAutowireCapableBeanFactory::determineTargetType (60 bytes)
Event: 1.207 Thread 0x000000001a2bb800 nmethod 1550 0x0000000003315290 code [0x0000000003315400, 0x0000000003315678]
Event: 1.207 Thread 0x000000001a2bb800 1552       1       java.util.IdentityHashMap::nextKeyIndex (15 bytes)
Event: 1.207 Thread 0x000000001a2bb800 nmethod 1552 0x0000000003315810 code [0x0000000003315960, 0x0000000003315a70]
Event: 1.207 Thread 0x000000001a2bb800 1554       1       org.springframework.beans.factory.BeanFactoryUtils::isFactoryDereference (19 bytes)
Event: 1.207 Thread 0x000000001a2bb800 nmethod 1554 0x0000000003315ad0 code [0x0000000003315c40, 0x0000000003315d88]
Event: 1.207 Thread 0x000000001a2bb800 1555       1       org.springframework.beans.factory.support.AbstractBeanFactory::isTypeMatch (547 bytes)
Event: 1.210 Thread 0x000000001a2bb800 nmethod 1555 0x0000000003315e50 code [0x0000000003316280, 0x00000000033177f8]
Event: 1.210 Thread 0x000000001a2bb800 1558       1       org.springframework.asm.ClassReader::readCode (5085 bytes)

GC Heap History (7 events):
Event: 0.721 GC heap before
{Heap before GC invocations=1 (full 0):
 PSYoungGen      total 38400K, used 33280K [0x00000000d5f00000, 0x00000000d8980000, 0x0000000100000000)
  eden space 33280K, 100% used [0x00000000d5f00000,0x00000000d7f80000,0x00000000d7f80000)
  from space 5120K, 0% used [0x00000000d8480000,0x00000000d8480000,0x00000000d8980000)
  to   space 5120K, 0% used [0x00000000d7f80000,0x00000000d7f80000,0x00000000d8480000)
 ParOldGen       total 87552K, used 0K [0x0000000081c00000, 0x0000000087180000, 0x00000000d5f00000)
  object space 87552K, 0% used [0x0000000081c00000,0x0000000081c00000,0x0000000087180000)
 Metaspace       used 10836K, capacity 11018K, committed 11136K, reserved 1058816K
  class space    used 1335K, capacity 1381K, committed 1408K, reserved 1048576K
Event: 0.725 GC heap after
Heap after GC invocations=1 (full 0):
 PSYoungGen      total 38400K, used 4577K [0x00000000d5f00000, 0x00000000d8980000, 0x0000000100000000)
  eden space 33280K, 0% used [0x00000000d5f00000,0x00000000d5f00000,0x00000000d7f80000)
  from space 5120K, 89% used [0x00000000d7f80000,0x00000000d83f86a0,0x00000000d8480000)
  to   space 5120K, 0% used [0x00000000d8480000,0x00000000d8480000,0x00000000d8980000)
 ParOldGen       total 87552K, used 16K [0x0000000081c00000, 0x0000000087180000, 0x00000000d5f00000)
  object space 87552K, 0% used [0x0000000081c00000,0x0000000081c04000,0x0000000087180000)
 Metaspace       used 10836K, capacity 11018K, committed 11136K, reserved 1058816K
  class space    used 1335K, capacity 1381K, committed 1408K, reserved 1048576K
}
Event: 0.852 GC heap before
{Heap before GC invocations=2 (full 0):
 PSYoungGen      total 38400K, used 37857K [0x00000000d5f00000, 0x00000000d8980000, 0x0000000100000000)
  eden space 33280K, 100% used [0x00000000d5f00000,0x00000000d7f80000,0x00000000d7f80000)
  from space 5120K, 89% used [0x00000000d7f80000,0x00000000d83f86a0,0x00000000d8480000)
  to   space 5120K, 0% used [0x00000000d8480000,0x00000000d8480000,0x00000000d8980000)
 ParOldGen       total 87552K, used 16K [0x0000000081c00000, 0x0000000087180000, 0x00000000d5f00000)
  object space 87552K, 0% used [0x0000000081c00000,0x0000000081c04000,0x0000000087180000)
 Metaspace       used 13976K, capacity 14318K, committed 14464K, reserved 1062912K
  class space    used 1785K, capacity 1893K, committed 1920K, reserved 1048576K
Event: 0.859 GC heap after
Heap after GC invocations=2 (full 0):
 PSYoungGen      total 38400K, used 5117K [0x00000000d5f00000, 0x00000000daa00000, 0x0000000100000000)
  eden space 33280K, 0% used [0x00000000d5f00000,0x00000000d5f00000,0x00000000d7f80000)
  from space 5120K, 99% used [0x00000000d8480000,0x00000000d897f7c0,0x00000000d8980000)
  to   space 5120K, 0% used [0x00000000d7f80000,0x00000000d7f80000,0x00000000d8480000)
 ParOldGen       total 87552K, used 1185K [0x0000000081c00000, 0x0000000087180000, 0x00000000d5f00000)
  object space 87552K, 1% used [0x0000000081c00000,0x0000000081d28580,0x0000000087180000)
 Metaspace       used 13976K, capacity 14318K, committed 14464K, reserved 1062912K
  class space    used 1785K, capacity 1893K, committed 1920K, reserved 1048576K
}
Event: 1.043 GC heap before
{Heap before GC invocations=3 (full 0):
 PSYoungGen      total 38400K, used 38397K [0x00000000d5f00000, 0x00000000daa00000, 0x0000000100000000)
  eden space 33280K, 100% used [0x00000000d5f00000,0x00000000d7f80000,0x00000000d7f80000)
  from space 5120K, 99% used [0x00000000d8480000,0x00000000d897f7c0,0x00000000d8980000)
  to   space 5120K, 0% used [0x00000000d7f80000,0x00000000d7f80000,0x00000000d8480000)
 ParOldGen       total 87552K, used 1185K [0x0000000081c00000, 0x0000000087180000, 0x00000000d5f00000)
  object space 87552K, 1% used [0x0000000081c00000,0x0000000081d28580,0x0000000087180000)
 Metaspace       used 17344K, capacity 17914K, committed 18176K, reserved 1064960K
  class space    used 2367K, capacity 2509K, committed 2560K, reserved 1048576K
Event: 1.052 GC heap after
Heap after GC invocations=3 (full 0):
 PSYoungGen      total 38400K, used 5112K [0x00000000d5f00000, 0x00000000daa00000, 0x0000000100000000)
  eden space 33280K, 0% used [0x00000000d5f00000,0x00000000d5f00000,0x00000000d7f80000)
  from space 5120K, 99% used [0x00000000d7f80000,0x00000000d847e030,0x00000000d8480000)
  to   space 5120K, 0% used [0x00000000da500000,0x00000000da500000,0x00000000daa00000)
 ParOldGen       total 87552K, used 3007K [0x0000000081c00000, 0x0000000087180000, 0x00000000d5f00000)
  object space 87552K, 3% used [0x0000000081c00000,0x0000000081eeffe0,0x0000000087180000)
 Metaspace       used 17344K, capacity 17914K, committed 18176K, reserved 1064960K
  class space    used 2367K, capacity 2509K, committed 2560K, reserved 1048576K
}
Event: 1.224 GC heap before
{Heap before GC invocations=4 (full 0):
 PSYoungGen      total 38400K, used 38392K [0x00000000d5f00000, 0x00000000daa00000, 0x0000000100000000)
  eden space 33280K, 100% used [0x00000000d5f00000,0x00000000d7f80000,0x00000000d7f80000)
  from space 5120K, 99% used [0x00000000d7f80000,0x00000000d847e030,0x00000000d8480000)
  to   space 5120K, 0% used [0x00000000da500000,0x00000000da500000,0x00000000daa00000)
 ParOldGen       total 87552K, used 3007K [0x0000000081c00000, 0x0000000087180000, 0x00000000d5f00000)
  object space 87552K, 3% used [0x0000000081c00000,0x0000000081eeffe0,0x0000000087180000)
 Metaspace       used 20674K, capacity 21278K, committed 21296K, reserved 1067008K
  class space    used 2796K, capacity 2941K, committed 2944K, reserved 1048576K

Deoptimization events (0 events):
No events

Internal exceptions (10 events):
Event: 1.221 Thread 0x0000000002ed5800 Exception <a 'java/security/PrivilegedActionException'> (0x00000000d7e55940) thrown at [D:\re\workspace\8-2-build-windows-amd64-cygwin\jdk8u25\1677\hotspot\src\share\vm\prims\jvm.cpp, line 1312]
Event: 1.221 Thread 0x000000001adf6800 Exception <a 'java/security/PrivilegedActionException'> (0x00000000d7edf6a8) thrown at [D:\re\workspace\8-2-build-windows-amd64-cygwin\jdk8u25\1677\hotspot\src\share\vm\prims\jvm.cpp, line 1312]
Event: 1.222 Thread 0x0000000002ed5800 Exception <a 'java/security/PrivilegedActionException'> (0x00000000d7e618e0) thrown at [D:\re\workspace\8-2-build-windows-amd64-cygwin\jdk8u25\1677\hotspot\src\share\vm\prims\jvm.cpp, line 1312]
Event: 1.222 Thread 0x000000001adf6800 Exception <a 'java/security/PrivilegedActionException'> (0x00000000d7eea950) thrown at [D:\re\workspace\8-2-build-windows-amd64-cygwin\jdk8u25\1677\hotspot\src\share\vm\prims\jvm.cpp, line 1312]
Event: 1.222 Thread 0x0000000002ed5800 Exception <a 'java/security/PrivilegedActionException'> (0x00000000d7e6a7f8) thrown at [D:\re\workspace\8-2-build-windows-amd64-cygwin\jdk8u25\1677\hotspot\src\share\vm\prims\jvm.cpp, line 1312]
Event: 1.222 Thread 0x000000001adf6800 Exception <a 'java/security/PrivilegedActionException'> (0x00000000d7ef8938) thrown at [D:\re\workspace\8-2-build-windows-amd64-cygwin\jdk8u25\1677\hotspot\src\share\vm\prims\jvm.cpp, line 1312]
Event: 1.222 Thread 0x000000001adf6800 Exception <a 'java/security/PrivilegedActionException'> (0x00000000d7efedf8) thrown at [D:\re\workspace\8-2-build-windows-amd64-cygwin\jdk8u25\1677\hotspot\src\share\vm\prims\jvm.cpp, line 1312]
Event: 1.223 Thread 0x000000001adf6800 Exception <a 'java/security/PrivilegedActionException'> (0x00000000d7f04920) thrown at [D:\re\workspace\8-2-build-windows-amd64-cygwin\jdk8u25\1677\hotspot\src\share\vm\prims\jvm.cpp, line 1312]
Event: 1.223 Thread 0x000000001adf6800 Exception <a 'java/security/PrivilegedActionException'> (0x00000000d7f0a2c0) thrown at [D:\re\workspace\8-2-build-windows-amd64-cygwin\jdk8u25\1677\hotspot\src\share\vm\prims\jvm.cpp, line 1312]
Event: 1.223 Thread 0x000000001adf6800 Exception <a 'java/security/PrivilegedActionException'> (0x00000000d7f149a8) thrown at [D:\re\workspace\8-2-build-windows-amd64-cygwin\jdk8u25\1677\hotspot\src\share\vm\prims\jvm.cpp, line 1312]

Events (10 events):
Event: 1.222 loading class com/fasterxml/jackson/databind/AbstractTypeResolver done
Event: 1.222 loading class com/fasterxml/jackson/databind/deser/ValueInstantiators
Event: 1.222 loading class com/fasterxml/jackson/databind/deser/ValueInstantiators done
Event: 1.223 loading class com/fasterxml/jackson/databind/deser/KeyDeserializers
Event: 1.223 loading class com/fasterxml/jackson/databind/deser/KeyDeserializers done
Event: 1.223 loading class com/fasterxml/jackson/databind/deser/std/StdKeyDeserializers
Event: 1.223 loading class com/fasterxml/jackson/databind/deser/std/StdKeyDeserializers done
Event: 1.223 loading class com/fasterxml/jackson/databind/deser/DeserializerCache
Event: 1.223 loading class com/fasterxml/jackson/databind/deser/DeserializerCache done
Event: 1.224 Executing VM operation: CollectForMetadataAllocation


Dynamic libraries:
0x00007ff614480000 - 0x00007ff6144b4000 	D:\Program Files\java\jdk1.8.0_25\bin\java.exe
0x00007ffb00970000 - 0x00007ffb00b1c000 	C:\WINDOWS\SYSTEM32\ntdll.dll
0x00007ffafe6e0000 - 0x00007ffafe81e000 	C:\WINDOWS\system32\KERNEL32.DLL
0x00007ffafddd0000 - 0x00007ffafdee5000 	C:\WINDOWS\system32\KERNELBASE.dll
0x00007ffafbbb0000 - 0x00007ffafbc3e000 	C:\WINDOWS\system32\apphelp.dll
0x00007ffadfe60000 - 0x00007ffadfeb3000 	C:\WINDOWS\AppPatch\AppPatch64\AcGenral.DLL
0x00007ffafe220000 - 0x00007ffafe2ca000 	C:\WINDOWS\system32\msvcrt.dll
0x00007ffafd8f0000 - 0x00007ffafd91e000 	C:\WINDOWS\SYSTEM32\SspiCli.dll
0x00007ffafdff0000 - 0x00007ffafe044000 	C:\WINDOWS\system32\SHLWAPI.dll
0x00007ffafe2d0000 - 0x00007ffafe447000 	C:\WINDOWS\system32\USER32.dll
0x00007ffb00620000 - 0x00007ffb007b4000 	C:\WINDOWS\system32\ole32.dll
0x00007ffafee60000 - 0x00007ffb00378000 	C:\WINDOWS\system32\SHELL32.dll
0x00007ffafcc20000 - 0x00007ffafcc41000 	C:\WINDOWS\SYSTEM32\USERENV.dll
0x00007ffb007c0000 - 0x00007ffb0086a000 	C:\WINDOWS\system32\ADVAPI32.dll
0x00007ffaf4910000 - 0x00007ffaf492e000 	C:\WINDOWS\SYSTEM32\MPR.dll
0x00007ffafeba0000 - 0x00007ffafece1000 	C:\WINDOWS\system32\RPCRT4.dll
0x00007ffafe920000 - 0x00007ffafe979000 	C:\WINDOWS\SYSTEM32\sechost.dll
0x00007ffafe980000 - 0x00007ffafeb91000 	C:\WINDOWS\SYSTEM32\combase.dll
0x00007ffafe580000 - 0x00007ffafe6d1000 	C:\WINDOWS\system32\GDI32.dll
0x00007ffafdac0000 - 0x00007ffafdad5000 	C:\WINDOWS\SYSTEM32\profapi.dll
0x00007ffafd120000 - 0x00007ffafd1d2000 	C:\WINDOWS\SYSTEM32\SHCORE.dll
0x00007ffafe8e0000 - 0x00007ffafe916000 	C:\WINDOWS\system32\IMM32.DLL
0x00007ffafed00000 - 0x00007ffafee53000 	C:\WINDOWS\system32\MSCTF.dll
0x00007ffafd550000 - 0x00007ffafd7cb000 	C:\WINDOWS\WinSxS\amd64_microsoft.windows.common-controls_6595b64144ccf1df_6.0.9600.17415_none_6240486fecbd8abb\COMCTL32.dll
0x000000005f270000 - 0x000000005f342000 	D:\Program Files\java\jdk1.8.0_25\jre\bin\msvcr100.dll
0x000000005d4a0000 - 0x000000005dcfa000 	D:\Program Files\java\jdk1.8.0_25\jre\bin\server\jvm.dll
0x00007ffaf4120000 - 0x00007ffaf4129000 	C:\WINDOWS\SYSTEM32\WSOCK32.dll
0x00007ffaf8560000 - 0x00007ffaf8582000 	C:\WINDOWS\SYSTEM32\WINMM.dll
0x00007ffb00870000 - 0x00007ffb00877000 	C:\WINDOWS\system32\PSAPI.DLL
0x00007ffb00380000 - 0x00007ffb003da000 	C:\WINDOWS\system32\WS2_32.dll
0x00007ffaf8530000 - 0x00007ffaf855a000 	C:\WINDOWS\SYSTEM32\WINMMBASE.dll
0x00007ffb00880000 - 0x00007ffb00889000 	C:\WINDOWS\system32\NSI.dll
0x00007ffafdfa0000 - 0x00007ffafdfef000 	C:\WINDOWS\SYSTEM32\cfgmgr32.dll
0x00007ffafbe00000 - 0x00007ffafbe28000 	C:\WINDOWS\SYSTEM32\DEVOBJ.dll
0x0000000060090000 - 0x000000006009f000 	D:\Program Files\java\jdk1.8.0_25\jre\bin\verify.dll
0x0000000060060000 - 0x0000000060088000 	D:\Program Files\java\jdk1.8.0_25\jre\bin\java.dll
0x000000005fd90000 - 0x000000005fdb3000 	D:\Program Files\java\jdk1.8.0_25\jre\bin\instrument.dll
0x0000000060040000 - 0x0000000060056000 	D:\Program Files\java\jdk1.8.0_25\jre\bin\zip.dll
0x00007ffad5940000 - 0x00007ffad595a000 	D:\Program Files\JetBrains\IntelliJ IDEA 2017.3.5\bin\breakgen64.dll
0x0000000060020000 - 0x000000006003a000 	D:\Program Files\java\jdk1.8.0_25\jre\bin\net.dll
0x00007ffafced0000 - 0x00007ffafcf29000 	C:\WINDOWS\system32\mswsock.dll
0x000000005fd80000 - 0x000000005fd8d000 	D:\Program Files\java\jdk1.8.0_25\jre\bin\management.dll
0x000000005fdc0000 - 0x000000005fdd1000 	D:\Program Files\java\jdk1.8.0_25\jre\bin\nio.dll
0x00007ffaecdb0000 - 0x00007ffaecdc5000 	C:\WINDOWS\system32\napinsp.dll
0x00007ffaecdd0000 - 0x00007ffaecdea000 	C:\WINDOWS\system32\pnrpnsp.dll
0x00007ffaf7870000 - 0x00007ffaf788b000 	C:\WINDOWS\system32\NLAapi.dll
0x00007ffafcc90000 - 0x00007ffafcd34000 	C:\WINDOWS\SYSTEM32\DNSAPI.dll
0x00007ffaecdf0000 - 0x00007ffaecdfd000 	C:\WINDOWS\System32\winrnr.dll
0x00007ffaece00000 - 0x00007ffaece14000 	C:\WINDOWS\system32\wshbth.dll
0x00007ffaf0870000 - 0x00007ffaf087a000 	C:\Windows\System32\rasadhlp.dll
0x00007ffaf7370000 - 0x00007ffaf739a000 	C:\WINDOWS\SYSTEM32\IPHLPAPI.DLL
0x00007ffaf7350000 - 0x00007ffaf735a000 	C:\WINDOWS\SYSTEM32\WINNSI.DLL
0x00007ffaf6ed0000 - 0x00007ffaf6f3b000 	C:\WINDOWS\System32\fwpuclnt.dll
0x00007ffafcf30000 - 0x00007ffafcf50000 	C:\WINDOWS\SYSTEM32\CRYPTSP.dll
0x00007ffafce20000 - 0x00007ffafce56000 	C:\WINDOWS\system32\rsaenh.dll
0x00007ffafd260000 - 0x00007ffafd286000 	C:\WINDOWS\SYSTEM32\bcrypt.dll
0x00007ffafd920000 - 0x00007ffafd983000 	C:\WINDOWS\system32\bcryptprimitives.dll
0x00007ffafd990000 - 0x00007ffafd99b000 	C:\WINDOWS\SYSTEM32\CRYPTBASE.dll
0x00007ffaf7200000 - 0x00007ffaf7216000 	C:\WINDOWS\SYSTEM32\dhcpcsvc6.DLL
0x00007ffaf71e0000 - 0x00007ffaf71fa000 	C:\WINDOWS\SYSTEM32\dhcpcsvc.DLL
0x00007ffaf4780000 - 0x00007ffaf490a000 	C:\WINDOWS\SYSTEM32\dbghelp.dll

VM Arguments:
jvm_args: -XX:TieredStopAtLevel=1 -Xverify:none -Dspring.output.ansi.enabled=always -Dcom.sun.management.jmxremote -Dcom.sun.management.jmxremote.port=59259 -Dcom.sun.management.jmxremote.authenticate=false -Dcom.sun.management.jmxremote.ssl=false -Djava.rmi.server.hostname=localhost -Dspring.liveBeansView.mbeanDomain -Dspring.application.admin.enabled=true -javaagent:D:\Program Files\JetBrains\IntelliJ IDEA 2017.3.5\lib\idea_rt.jar=59260:D:\Program Files\JetBrains\IntelliJ IDEA 2017.3.5\bin -Dfile.encoding=UTF-8 
java_command: com.neuedu.ForProjectApplication
java_class_path (initial): D:\Program Files\java\jdk1.8.0_25\jre\lib\charsets.jar;D:\Program Files\java\jdk1.8.0_25\jre\lib\deploy.jar;D:\Program Files\java\jdk1.8.0_25\jre\lib\ext\access-bridge-64.jar;D:\Program Files\java\jdk1.8.0_25\jre\lib\ext\cldrdata.jar;D:\Program Files\java\jdk1.8.0_25\jre\lib\ext\dnsns.jar;D:\Program Files\java\jdk1.8.0_25\jre\lib\ext\jaccess.jar;D:\Program Files\java\jdk1.8.0_25\jre\lib\ext\jfxrt.jar;D:\Program Files\java\jdk1.8.0_25\jre\lib\ext\localedata.jar;D:\Program Files\java\jdk1.8.0_25\jre\lib\ext\nashorn.jar;D:\Program Files\java\jdk1.8.0_25\jre\lib\ext\sunec.jar;D:\Program Files\java\jdk1.8.0_25\jre\lib\ext\sunjce_provider.jar;D:\Program Files\java\jdk1.8.0_25\jre\lib\ext\sunmscapi.jar;D:\Program Files\java\jdk1.8.0_25\jre\lib\ext\sunpkcs11.jar;D:\Program Files\java\jdk1.8.0_25\jre\lib\ext\zipfs.jar;D:\Program Files\java\jdk1.8.0_25\jre\lib\javaws.jar;D:\Program Files\java\jdk1.8.0_25\jre\lib\jce.jar;D:\Program Files\java\jdk1.8.0_25\jre\lib\jfr.jar;D:\Program Files\java\jdk1.8.0_25\jre\lib\jfxswt.jar;D:\Program Files\java\jdk1.8.0_25\jre\lib\jsse.jar;D:\Program Files\java\jdk1.8.0_25\jre\lib\management-agent.jar;D:\Program Files\java\jdk1.8.0_25\jre\lib\plugin.jar;D:\Program Files\java\jdk1.8.0_25\jre\lib\resources.jar;D:\Program Files\java\jdk1.8.0_25\jre\lib\rt.jar;D:\Users\lenovo\IdeaProjects\for_project\target\classes;C:\Users\lenovo\.m2\repository\org\springframework\boot\spring-boot-starter-web\2.1.7.RELEASE\spring-boot-starter-web-2.1.7.RELEASE.jar;C:\Users\lenovo\.m2\repository\org\springframework\boot\spring-boot-starter\2.1.7.RELEASE\spring-boot-starter-2.1.7.RELEASE.jar;C:\Users\lenovo\.m2\repository\org\springframework\boot\spring-boot\2.1.7.RELEASE\spring-boot-2.1.7.RELEASE.jar;C:\Users\lenovo\.m2\repository\org\springframework\boot\spring-boot-starter-logging\2.1.7.RELEASE\spring-boot-starter-logging-2.1.7.RELEASE.jar;C:\Users\lenovo\.m2\repository\ch\qos\logback\logback-classic\1.2.3\logback-classic-1.2.3.jar;C:
Launcher Type: SUN_STANDARD

Environment Variables:
JAVA_HOME=D:\Program Files\java\jdk1.8.0_25
CLASSPATH=.;D:\Program Files\java\jdk1.8.0_25\lib\tools.jar;D:\Program Files\java\jdk1.8.0_25\lib\dt.jar
PATH=C:\Program Files (x86)\Intel\iCLS Client\;C:\Program Files\Intel\iCLS Client\;C:\Program Files (x86)\NVIDIA Corporation\PhysX\Common;C:\WINDOWS\system32;C:\WINDOWS;C:\WINDOWS\System32\Wbem;C:\WINDOWS\System32\WindowsPowerShell\v1.0\;C:\Program Files\Intel\Intel(R) Management Engine Components\DAL;C:\Program Files (x86)\Intel\Intel(R) Management Engine Components\DAL;C:\Program Files\Intel\Intel(R) Management Engine Components\IPT;C:\Program Files (x86)\Intel\Intel(R) Management Engine Components\IPT;C:\Program Files\Intel\WiFi\bin\;C:\Program Files\Common Files\Intel\WirelessCommon\;C:\Program Files (x86)\Common Files\lenovo\easyplussdk\bin;D:\Program Files\java\jdk1.8.0_25\bin;%JAVA_HOME%\jre\bin;D:\Program Files (x86)\Microsoft SQL Server\100\Tools\Binn\;D:\Program Files\Microsoft SQL Server\100\Tools\Binn\;D:\Program Files\Microsoft SQL Server\100\DTS\Binn\;D:\Program Files (x86)\Microsoft SQL Server\100\Tools\Binn\VSShell\Common7\IDE\;C:\Program Files (x86)\Microsoft Visual Studio 9.0\Common7\IDE\PrivateAssemblies\;D:\Program Files (x86)\Microsoft SQL Server\100\DTS\Binn\;D:\Shixun\Èí¼þ\apache-maven-3.5.4\bin;D:\mysql\tiyanke\mysql-5.6.40-winx64\bin;
USERNAME=lenovo
OS=Windows_NT
PROCESSOR_IDENTIFIER=Intel64 Family 6 Model 60 Stepping 3, GenuineIntel



---------------  S Y S T E M  ---------------

OS: Windows 8.1 , 64 bit Build 9600 

CPU:total 8 (4 cores per cpu, 2 threads per core) family 6 model 60 stepping 3, cmov, cx8, fxsr, mmx, sse, sse2, sse3, ssse3, sse4.1, sse4.2, popcnt, avx, avx2, aes, clmul, erms, lzcnt, ht, tsc, tscinvbit, bmi1, bmi2

Memory: 4k page, physical 8273004k(1365032k free), swap 16661612k(5927892k free)

vm_info: Java HotSpot(TM) 64-Bit Server VM (25.25-b02) for windows-amd64 JRE (1.8.0_25-b18), built on Oct  7 2014 14:25:37 by "java_re" with MS VC++ 10.0 (VS2010)

time: Thu Aug 15 19:55:39 2019
elapsed time: 1 seconds (0d 0h 0m 1s)

